<?xml version="1.0" encoding="UTF-8"?>
<!-- Generated by org.testng.reporters.JUnitXMLReporter -->
<testsuite ignored="0" hostname="DESKTOP-1A0K5DH" failures="1" tests="1" name="Nopackage" time="1.005" errors="0" timestamp="03 May 2019 19:09:29 GMT">
  <testcase classname="cucumber.api.testng.AbstractTestNGCucumberTests" name="feature" time="0.429">
    <failure type="cucumber.runtime.CucumberException" message="cucumber.runtime.CucumberException: Arity mismatch: Step Definition &amp;apos;com.ecommerce.steps.CartContent.open_browser_and_start_application(String) in file:/C:/Users/OpU%20N%20NiShi/eclipse-workspace/Ecommerce/target/test-classes/&amp;apos; with pattern [^Open browser and start application$] is declared with 1 parameters. However, the gherkin step has 0 arguments []. 
Step: Given Open browser and start application">
      <![CDATA[cucumber.runtime.CucumberException: cucumber.runtime.CucumberException: Arity mismatch: Step Definition 'com.ecommerce.steps.CartContent.open_browser_and_start_application(String) in file:/C:/Users/OpU%20N%20NiShi/eclipse-workspace/Ecommerce/target/test-classes/' with pattern [^Open browser and start application$] is declared with 1 parameters. However, the gherkin step has 0 arguments []. 
Step: Given Open browser and start application
	at cucumber.api.testng.TestNGCucumberRunner.runCucumber(TestNGCucumberRunner.java:69)
	at cucumber.api.testng.AbstractTestNGCucumberTests.feature(AbstractTestNGCucumberTests.java:21)
Caused by: cucumber.runtime.CucumberException: Arity mismatch: Step Definition 'com.ecommerce.steps.CartContent.open_browser_and_start_application(String) in file:/C:/Users/OpU%20N%20NiShi/eclipse-workspace/Ecommerce/target/test-classes/' with pattern [^Open browser and start application$] is declared with 1 parameters. However, the gherkin step has 0 arguments []. 
Step: Given Open browser and start application
	at cucumber.runtime.StepDefinitionMatch.arityMismatch(StepDefinitionMatch.java:102)
	at cucumber.runtime.StepDefinitionMatch.transformedArgs(StepDefinitionMatch.java:60)
	at cucumber.runtime.StepDefinitionMatch.runStep(StepDefinitionMatch.java:37)
	at cucumber.runtime.Runtime.runStep(Runtime.java:299)
	at cucumber.runtime.model.StepContainer.runStep(StepContainer.java:44)
	at cucumber.runtime.model.StepContainer.runSteps(StepContainer.java:39)
	at cucumber.runtime.model.CucumberScenario.run(CucumberScenario.java:44)
	at cucumber.runtime.model.CucumberFeature.run(CucumberFeature.java:165)
	at cucumber.api.testng.TestNGCucumberRunner.runCucumber(TestNGCucumberRunner.java:63)
	... 26 more
... Removed 25 stack frames]]>
    </failure>
  </testcase> <!-- feature -->
</testsuite> <!-- Nopackage -->
